<?xml version="1.0" encoding="UTF-8"?>
<testng-results skipped="0" failed="0" ignored="0" total="1" passed="1">
  <reporter-output>
  </reporter-output>
  <suite name="Command line suite" duration-ms="35848" started-at="2020-09-21T08:06:19Z" finished-at="2020-09-21T08:06:55Z">
    <groups>
    </groups>
    <test name="Command line test" duration-ms="35848" started-at="2020-09-21T08:06:19Z" finished-at="2020-09-21T08:06:55Z">
      <class name="com.iappium.testcase.YynCases">
        <test-method status="PASS" signature="beforeSuite()[pri:0, instance:com.iappium.testcase.YynCases@5be82d43]" name="beforeSuite" is-config="true" duration-ms="3" started-at="2020-09-21T08:06:19Z" finished-at="2020-09-21T08:06:19Z">
          <reporter-output>
          </reporter-output>
        </test-method> <!-- beforeSuite -->
        <test-method status="PASS" signature="beforeTest()[pri:0, instance:com.iappium.testcase.YynCases@5be82d43]" name="beforeTest" is-config="true" duration-ms="25767" started-at="2020-09-21T08:06:19Z" finished-at="2020-09-21T08:06:45Z">
          <reporter-output>
          </reporter-output>
        </test-method> <!-- beforeTest -->
        <test-method status="PASS" signature="enterMini()[pri:0, instance:com.iappium.testcase.YynCases@5be82d43]" name="enterMini" duration-ms="10000" started-at="2020-09-21T08:06:45Z" finished-at="2020-09-21T08:06:55Z">
          <reporter-output>
          </reporter-output>
        </test-method> <!-- enterMini -->
      </class> <!-- com.iappium.testcase.YynCases -->
    </test> <!-- Command line test -->
  </suite> <!-- Command line suite -->
</testng-results>
