<?xml version="1.0" encoding="UTF-8"?>
<testng-results skipped="0" failed="0" ignored="0" total="1" passed="1">
  <reporter-output>
  </reporter-output>
  <suite name="Command line suite" duration-ms="33746" started-at="2020-08-17T08:56:27Z" finished-at="2020-08-17T08:57:01Z">
    <groups>
    </groups>
    <test name="Command line test" duration-ms="33746" started-at="2020-08-17T08:56:27Z" finished-at="2020-08-17T08:57:01Z">
      <class name="com.iappium.business.TestCase">
        <test-method status="PASS" signature="cases()[pri:0, instance:com.iappium.business.TestCase@6d511b5f]" name="cases" duration-ms="33660" started-at="2020-08-17T08:56:27Z" finished-at="2020-08-17T08:57:01Z">
          <reporter-output>
          </reporter-output>
        </test-method> <!-- cases -->
      </class> <!-- com.iappium.business.TestCase -->
    </test> <!-- Command line test -->
  </suite> <!-- Command line suite -->
</testng-results>
